<?xml version="1.0" encoding="UTF-8"?>
<!-- Generated by org.testng.reporters.JUnitReportReporter -->
<testsuite skipped="0" hostname="DhineshK-BLD" name="basics.test.openbrowser" tests="1" failures="0" timestamp="2020-03-06T09:51:01 IST" time="22.616" errors="0">
  <testcase name="openbrowser" time="22.616" classname="basics.test.openbrowser"/>
</testsuite> <!-- basics.test.openbrowser -->
