<?xml version="1.0" encoding="UTF-8"?>
<!-- Generated by org.testng.reporters.JUnitReportReporter -->
<testsuite skipped="0" hostname="DhineshK-BLD" name="basics.test.openbrowser" tests="1" failures="0" timestamp="2020-02-26T17:22:20 IST" time="28.199" errors="0">
  <testcase name="openbrowser" time="28.199" classname="basics.test.openbrowser"/>
</testsuite> <!-- basics.test.openbrowser -->
